[debug] [2022-05-05T01:16:57.000Z] ----------------------------------------------------------------------
[debug] [2022-05-05T01:16:57.003Z] Command:       C:\Program Files\nodejs\node.exe C:\Users\Boy Centy\AppData\Roaming\npm\node_modules\firebase-tools\lib\bin\firebase.js init
[debug] [2022-05-05T01:16:57.004Z] CLI Version:   10.8.0
[debug] [2022-05-05T01:16:57.004Z] Platform:      win32
[debug] [2022-05-05T01:16:57.004Z] Node Version:  v16.15.0
[debug] [2022-05-05T01:16:57.005Z] Time:          Thu May 05 2022 09:16:57 GMT+0800 (China Standard Time)
[debug] [2022-05-05T01:16:57.005Z] ----------------------------------------------------------------------
[debug] 
[debug] [2022-05-05T01:16:57.014Z] > command requires scopes: ["email","openid","https://www.googleapis.com/auth/cloudplatformprojects.readonly","https://www.googleapis.com/auth/firebase","https://www.googleapis.com/auth/cloud-platform"]
[debug] [2022-05-05T01:16:57.015Z] > authorizing via signed-in user (tangalinchristopher123@gmail.com)
[info] 
     ######## #### ########  ######## ########     ###     ######  ########
     ##        ##  ##     ## ##       ##     ##  ##   ##  ##       ##
     ######    ##  ########  ######   ########  #########  ######  ######
     ##        ##  ##    ##  ##       ##     ## ##     ##       ## ##
     ##       #### ##     ## ######## ########  ##     ##  ######  ########

You're about to initialize a Firebase project in this directory:

  E:\GIT-HUMCOM\Tangalin-FinalsHM

[info] 
=== Project Setup
[info] 
[info] First, let's associate this project directory with a Firebase project.
[info] You can create multiple project aliases by running firebase use --add, 
[info] but for now we'll just set up a default project.
[info] 
